<?xml version="1.0" encoding="UTF-8"?>
<!-- Generated by org.testng.reporters.JUnitReportReporter -->
<testsuite hostname="RayPC" name="testCases.ValidateTitle" tests="1" failures="0" timestamp="24 Jun 2020 14:41:41 GMT" time="0.304" errors="0">
  <testcase name="basePageNavigation" time="0.304" classname="testCases.ValidateTitle"/>
</testsuite> <!-- testCases.ValidateTitle -->
