<?xml version="1.0" encoding="UTF-8"?>
<!-- Generated by org.testng.reporters.JUnitReportReporter -->
<testsuite hostname="RayPC" name="testCases.ValidateSearchResult" tests="1" failures="0" timestamp="24 Jun 2020 14:41:41 GMT" time="9.408" errors="0">
  <testcase name="SearchRestaurants" time="9.408" classname="testCases.ValidateSearchResult"/>
</testsuite> <!-- testCases.ValidateSearchResult -->
