<?xml version="1.0" encoding="UTF-8"?>
<!-- Generated by org.testng.reporters.JUnitReportReporter -->
<testsuite hostname="RayPC" name="testCases.ValidateTitle" tests="1" failures="0" timestamp="24 Jun 2020 11:23:15 GMT" time="0.298" errors="0">
  <testcase name="basePageNavigation" time="0.298" classname="testCases.ValidateTitle"/>
</testsuite> <!-- testCases.ValidateTitle -->
