<?xml version="1.0" encoding="UTF-8"?>
<!-- Generated by org.testng.reporters.JUnitReportReporter -->
<testsuite hostname="RayPC" name="testCases.ValidateSearchBar" tests="1" failures="0" timestamp="24 Jun 2020 02:03:19 GMT" time="0.225" errors="0">
  <testcase name="basePageNavigation" time="0.225" classname="testCases.ValidateSearchBar"/>
</testsuite> <!-- testCases.ValidateSearchBar -->
