<?xml version="1.0" encoding="UTF-8"?>
<!-- Generated by org.testng.reporters.JUnitReportReporter -->
<testsuite hostname="RayPC" name="testCases.ValidateSearchResult" tests="1" failures="0" timestamp="24 Jun 2020 11:23:15 GMT" time="8.719" errors="0">
  <testcase name="SearchRestaurants" time="8.719" classname="testCases.ValidateSearchResult"/>
</testsuite> <!-- testCases.ValidateSearchResult -->
